  Enemy_A.cpp
c:\program files (x86)\windows kits\10\include\10.0.18362.0\um\mmsyscom.h(94): error C4430: 형식 지정자가 없습니다. int로 가정합니다. 참고: C++에서는 기본 int를 지원하지 않습니다.
c:\program files (x86)\windows kits\10\include\10.0.18362.0\um\mmsyscom.h(94): error C2146: 구문 오류: ';'이(가) 'MMVERSION' 식별자 앞에 없습니다.
c:\program files (x86)\windows kits\10\include\10.0.18362.0\um\mmsyscom.h(102): error C2143: 구문 오류: ';'이(가) '*' 앞에 없습니다.
c:\program files (x86)\windows kits\10\include\10.0.18362.0\um\mmsyscom.h(102): error C4430: 형식 지정자가 없습니다. int로 가정합니다. 참고: C++에서는 기본 int를 지원하지 않습니다.
c:\program files (x86)\windows kits\10\include\10.0.18362.0\um\mmsyscom.h(112): error C3646: 'ms': 알 수 없는 재정의 지정자입니다.
c:\program files (x86)\windows kits\10\include\10.0.18362.0\um\mmsyscom.h(112): error C4430: 형식 지정자가 없습니다. int로 가정합니다. 참고: C++에서는 기본 int를 지원하지 않습니다.
c:\program files (x86)\windows kits\10\include\10.0.18362.0\um\mmsyscom.h(113): error C3646: 'sample': 알 수 없는 재정의 지정자입니다.
c:\program files (x86)\windows kits\10\include\10.0.18362.0\um\mmsyscom.h(113): error C4430: 형식 지정자가 없습니다. int로 가정합니다. 참고: C++에서는 기본 int를 지원하지 않습니다.
c:\program files (x86)\windows kits\10\include\10.0.18362.0\um\mmsyscom.h(114): error C3646: 'cb': 알 수 없는 재정의 지정자입니다.
c:\program files (x86)\windows kits\10\include\10.0.18362.0\um\mmsyscom.h(114): error C4430: 형식 지정자가 없습니다. int로 가정합니다. 참고: C++에서는 기본 int를 지원하지 않습니다.
c:\program files (x86)\windows kits\10\include\10.0.18362.0\um\mmsyscom.h(115): error C3646: 'ticks': 알 수 없는 재정의 지정자입니다.
c:\program files (x86)\windows kits\10\include\10.0.18362.0\um\mmsyscom.h(115): error C4430: 형식 지정자가 없습니다. int로 가정합니다. 참고: C++에서는 기본 int를 지원하지 않습니다.
c:\program files (x86)\windows kits\10\include\10.0.18362.0\um\mmsyscom.h(120): error C3646: 'hour': 알 수 없는 재정의 지정자입니다.
c:\program files (x86)\windows kits\10\include\10.0.18362.0\um\mmsyscom.h(120): error C4430: 형식 지정자가 없습니다. int로 가정합니다. 참고: C++에서는 기본 int를 지원하지 않습니다.
c:\program files (x86)\windows kits\10\include\10.0.18362.0\um\mmsyscom.h(121): error C3646: 'min': 알 수 없는 재정의 지정자입니다.
c:\program files (x86)\windows kits\10\include\10.0.18362.0\um\mmsyscom.h(121): error C4430: 형식 지정자가 없습니다. int로 가정합니다. 참고: C++에서는 기본 int를 지원하지 않습니다.
c:\program files (x86)\windows kits\10\include\10.0.18362.0\um\mmsyscom.h(122): error C3646: 'sec': 알 수 없는 재정의 지정자입니다.
c:\program files (x86)\windows kits\10\include\10.0.18362.0\um\mmsyscom.h(122): error C4430: 형식 지정자가 없습니다. int로 가정합니다. 참고: C++에서는 기본 int를 지원하지 않습니다.
c:\program files (x86)\windows kits\10\include\10.0.18362.0\um\mmsyscom.h(123): error C3646: 'frame': 알 수 없는 재정의 지정자입니다.
c:\program files (x86)\windows kits\10\include\10.0.18362.0\um\mmsyscom.h(123): error C4430: 형식 지정자가 없습니다. int로 가정합니다. 참고: C++에서는 기본 int를 지원하지 않습니다.
c:\program files (x86)\windows kits\10\include\10.0.18362.0\um\mmsyscom.h(124): error C3646: 'fps': 알 수 없는 재정의 지정자입니다.
c:\program files (x86)\windows kits\10\include\10.0.18362.0\um\mmsyscom.h(124): error C4430: 형식 지정자가 없습니다. int로 가정합니다. 참고: C++에서는 기본 int를 지원하지 않습니다.
c:\program files (x86)\windows kits\10\include\10.0.18362.0\um\mmsyscom.h(125): error C3646: 'dummy': 알 수 없는 재정의 지정자입니다.
c:\program files (x86)\windows kits\10\include\10.0.18362.0\um\mmsyscom.h(125): error C4430: 형식 지정자가 없습니다. int로 가정합니다. 참고: C++에서는 기본 int를 지원하지 않습니다.
c:\program files (x86)\windows kits\10\include\10.0.18362.0\um\mmsyscom.h(127): error C3646: 'pad': 알 수 없는 재정의 지정자입니다.
c:\program files (x86)\windows kits\10\include\10.0.18362.0\um\mmsyscom.h(127): error C2143: 구문 오류: ','이(가) '[' 앞에 없습니다.
c:\program files (x86)\windows kits\10\include\10.0.18362.0\um\mmsyscom.h(127): error C2143: 구문 오류: ')'이(가) ';' 앞에 없습니다.
c:\program files (x86)\windows kits\10\include\10.0.18362.0\um\mmsyscom.h(127): error C2238: ';' 앞에 예기치 않은 토큰이 있습니다.
c:\program files (x86)\windows kits\10\include\10.0.18362.0\um\mmsyscom.h(134): error C3646: 'songptrpos': 알 수 없는 재정의 지정자입니다.
c:\program files (x86)\windows kits\10\include\10.0.18362.0\um\mmsyscom.h(134): error C4430: 형식 지정자가 없습니다. int로 가정합니다. 참고: C++에서는 기본 int를 지원하지 않습니다.
c:\program files (x86)\windows kits\10\include\10.0.18362.0\um\mmsyscom.h(137): error C2143: 구문 오류: ';'이(가) '*' 앞에 없습니다.
c:\program files (x86)\windows kits\10\include\10.0.18362.0\um\mmsyscom.h(137): error C4430: 형식 지정자가 없습니다. int로 가정합니다. 참고: C++에서는 기본 int를 지원하지 않습니다.
c:\program files (x86)\windows kits\10\include\10.0.18362.0\um\mmsyscom.h(137): error C2377: 'FAR': 재정의. 다른 기호를 사용하여 형식 정의를 오버로드할 수 없습니다.
  c:\program files (x86)\windows kits\10\include\10.0.18362.0\um\mmsyscom.h(102): note: 'FAR' 선언을 참조하십시오.
c:\program files (x86)\windows kits\10\include\10.0.18362.0\um\mmsyscom.h(275): error C2065: 'HDRVR': 선언되지 않은 식별자입니다.
c:\program files (x86)\windows kits\10\include\10.0.18362.0\um\mmsyscom.h(275): error C4430: 형식 지정자가 없습니다. int로 가정합니다. 참고: C++에서는 기본 int를 지원하지 않습니다.
c:\program files (x86)\windows kits\10\include\10.0.18362.0\um\mmsyscom.h(297): error C2146: 구문 오류: ')'이(가) 'DRVCALLBACK' 식별자 앞에 없습니다.
c:\program files (x86)\windows kits\10\include\10.0.18362.0\um\mmsyscom.h(297): error C2146: 구문 오류: ';'이(가) 'DRVCALLBACK' 식별자 앞에 없습니다.
c:\program files (x86)\windows kits\10\include\10.0.18362.0\um\mmsyscom.h(297): error C2059: 구문 오류: ')'
c:\program files (x86)\windows kits\10\include\10.0.18362.0\um\mmsyscom.h(297): error C2065: 'HDRVR': 선언되지 않은 식별자입니다.
c:\program files (x86)\windows kits\10\include\10.0.18362.0\um\mmsyscom.h(297): error C2146: 구문 오류: ')'이(가) 'hdrvr' 식별자 앞에 없습니다.
c:\program files (x86)\windows kits\10\include\10.0.18362.0\um\mmsyscom.h(299): error C4430: 형식 지정자가 없습니다. int로 가정합니다. 참고: C++에서는 기본 int를 지원하지 않습니다.
c:\program files (x86)\windows kits\10\include\10.0.18362.0\um\mmsyscom.h(299): error C2146: 구문 오류: ';'이(가) 'FAR' 식별자 앞에 없습니다.
c:\program files (x86)\windows kits\10\include\10.0.18362.0\um\mmsyscom.h(299): error C2143: 구문 오류: ';'이(가) '*' 앞에 없습니다.
c:\program files (x86)\windows kits\10\include\10.0.18362.0\um\mmsyscom.h(299): error C2086: 'int FAR': 재정의
  c:\program files (x86)\windows kits\10\include\10.0.18362.0\um\mmsyscom.h(137): note: 'FAR' 선언을 참조하십시오.
c:\program files (x86)\windows kits\10\include\10.0.18362.0\um\mciapi.h(37): error C4430: 형식 지정자가 없습니다. int로 가정합니다. 참고: C++에서는 기본 int를 지원하지 않습니다.
c:\program files (x86)\windows kits\10\include\10.0.18362.0\um\mciapi.h(37): error C2146: 구문 오류: ';'이(가) 'MCIERROR' 식별자 앞에 없습니다.
c:\program files (x86)\windows kits\10\include\10.0.18362.0\um\mciapi.h(45): error C2143: 구문 오류: ')'이(가) '*' 앞에 없습니다.
c:\program files (x86)\windows kits\10\include\10.0.18362.0\um\mciapi.h(45): error C2143: 구문 오류: ';'이(가) '*' 앞에 없습니다.
c:\program files (x86)\windows kits\10\include\10.0.18362.0\um\mciapi.h(45): error C2371: 'CALLBACK': 재정의. 기본 형식이 다릅니다.
  c:\program files (x86)\windows kits\10\include\10.0.18362.0\um\mmsyscom.h(297): note: 'CALLBACK' 선언을 참조하십시오.
c:\program files (x86)\windows kits\10\include\10.0.18362.0\um\mciapi.h(45): error C2059: 구문 오류: ')'
c:\program files (x86)\windows kits\10\include\10.0.18362.0\um\mciapi.h(45): error C4430: 형식 지정자가 없습니다. int로 가정합니다. 참고: C++에서는 기본 int를 지원하지 않습니다.
c:\program files (x86)\windows kits\10\include\10.0.18362.0\um\mciapi.h(52): error C4430: 형식 지정자가 없습니다. int로 가정합니다. 참고: C++에서는 기본 int를 지원하지 않습니다.
c:\program files (x86)\windows kits\10\include\10.0.18362.0\um\mciapi.h(52): error C2146: 구문 오류: ';'이(가) 'MCIERROR' 식별자 앞에 없습니다.
c:\program files (x86)\windows kits\10\include\10.0.18362.0\um\mciapi.h(62): error C4430: 형식 지정자가 없습니다. int로 가정합니다. 참고: C++에서는 기본 int를 지원하지 않습니다.
c:\program files (x86)\windows kits\10\include\10.0.18362.0\um\mciapi.h(62): error C2086: 'int DECLSPEC_IMPORT': 재정의
  c:\program files (x86)\windows kits\10\include\10.0.18362.0\um\mciapi.h(50): note: 'DECLSPEC_IMPORT' 선언을 참조하십시오.
c:\program files (x86)\windows kits\10\include\10.0.18362.0\um\mciapi.h(62): error C2146: 구문 오류: ';'이(가) 'MCIERROR' 식별자 앞에 없습니다.
c:\program files (x86)\windows kits\10\include\10.0.18362.0\um\mciapi.h(77): error C4430: 형식 지정자가 없습니다. int로 가정합니다. 참고: C++에서는 기본 int를 지원하지 않습니다.
c:\program files (x86)\windows kits\10\include\10.0.18362.0\um\mciapi.h(77): error C2086: 'int DECLSPEC_IMPORT': 재정의
  c:\program files (x86)\windows kits\10\include\10.0.18362.0\um\mciapi.h(50): note: 'DECLSPEC_IMPORT' 선언을 참조하십시오.
c:\program files (x86)\windows kits\10\include\10.0.18362.0\um\mciapi.h(77): error C2146: 구문 오류: ';'이(가) 'MCIERROR' 식별자 앞에 없습니다.
c:\program files (x86)\windows kits\10\include\10.0.18362.0\um\mciapi.h(87): error C4430: 형식 지정자가 없습니다. int로 가정합니다. 참고: C++에서는 기본 int를 지원하지 않습니다.
c:\program files (x86)\windows kits\10\include\10.0.18362.0\um\mciapi.h(87): error C2086: 'int DECLSPEC_IMPORT': 재정의
  c:\program files (x86)\windows kits\10\include\10.0.18362.0\um\mciapi.h(50): note: 'DECLSPEC_IMPORT' 선언을 참조하십시오.
c:\program files (x86)\windows kits\10\include\10.0.18362.0\um\mciapi.h(87): error C2146: 구문 오류: ';'이(가) 'MCIERROR' 식별자 앞에 없습니다.
c:\program files (x86)\windows kits\10\include\10.0.18362.0\um\mciapi.h(102): error C4430: 형식 지정자가 없습니다. int로 가정합니다. 참고: C++에서는 기본 int를 지원하지 않습니다.
c:\program files (x86)\windows kits\10\include\10.0.18362.0\um\mciapi.h(102): error C2086: 'int DECLSPEC_IMPORT': 재정의
  c:\program files (x86)\windows kits\10\include\10.0.18362.0\um\mciapi.h(50): note: 'DECLSPEC_IMPORT' 선언을 참조하십시오.
c:\program files (x86)\windows kits\10\include\10.0.18362.0\um\mciapi.h(102): error C2146: 구문 오류: ';'이(가) 'MCIDEVICEID' 식별자 앞에 없습니다.
c:\program files (x86)\windows kits\10\include\10.0.18362.0\um\mciapi.h(109): error C4430: 형식 지정자가 없습니다. int로 가정합니다. 참고: C++에서는 기본 int를 지원하지 않습니다.
c:\program files (x86)\windows kits\10\include\10.0.18362.0\um\mciapi.h(109): error C2086: 'int DECLSPEC_IMPORT': 재정의
  c:\program files (x86)\windows kits\10\include\10.0.18362.0\um\mciapi.h(50): note: 'DECLSPEC_IMPORT' 선언을 참조하십시오.
c:\program files (x86)\windows kits\10\include\10.0.18362.0\um\mciapi.h(109): error C2146: 구문 오류: ';'이(가) 'MCIDEVICEID' 식별자 앞에 없습니다.
c:\program files (x86)\windows kits\10\include\10.0.18362.0\um\mciapi.h(121): error C4430: 형식 지정자가 없습니다. int로 가정합니다. 참고: C++에서는 기본 int를 지원하지 않습니다.
c:\program files (x86)\windows kits\10\include\10.0.18362.0\um\mciapi.h(121): error C2086: 'int DECLSPEC_IMPORT': 재정의
  c:\program files (x86)\windows kits\10\include\10.0.18362.0\um\mciapi.h(50): note: 'DECLSPEC_IMPORT' 선언을 참조하십시오.
c:\program files (x86)\windows kits\10\include\10.0.18362.0\um\mciapi.h(121): error C2146: 구문 오류: ';'이(가) 'MCIDEVICEID' 식별자 앞에 없습니다.
c:\program files (x86)\windows kits\10\include\10.0.18362.0\um\mciapi.h(129): error C4430: 형식 지정자가 없습니다. int로 가정합니다. 참고: C++에서는 기본 int를 지원하지 않습니다.
c:\program files (x86)\windows kits\10\include\10.0.18362.0\um\mciapi.h(129): error C2086: 'int DECLSPEC_IMPORT': 재정의
  c:\program files (x86)\windows kits\10\include\10.0.18362.0\um\mciapi.h(50): note: 'DECLSPEC_IMPORT' 선언을 참조하십시오.
c:\program files (x86)\windows kits\10\include\10.0.18362.0\um\mciapi.h(129): error C2146: 구문 오류: ';'이(가) 'MCIDEVICEID' 식별자 앞에 없습니다.
c:\program files (x86)\windows kits\10\include\10.0.18362.0\um\mciapi.h(142): error C4430: 형식 지정자가 없습니다. int로 가정합니다. 참고: C++에서는 기본 int를 지원하지 않습니다.
c:\program files (x86)\windows kits\10\include\10.0.18362.0\um\mciapi.h(142): error C2086: 'int DECLSPEC_IMPORT': 재정의
  c:\program files (x86)\windows kits\10\include\10.0.18362.0\um\mciapi.h(50): note: 'DECLSPEC_IMPORT' 선언을 참조하십시오.
c:\program files (x86)\windows kits\10\include\10.0.18362.0\um\mciapi.h(142): error C2146: 구문 오류: ';'이(가) 'BOOL' 식별자 앞에 없습니다.
c:\program files (x86)\windows kits\10\include\10.0.18362.0\um\mciapi.h(151): error C4430: 형식 지정자가 없습니다. int로 가정합니다. 참고: C++에서는 기본 int를 지원하지 않습니다.
c:\program files (x86)\windows kits\10\include\10.0.18362.0\um\mciapi.h(151): error C2086: 'int DECLSPEC_IMPORT': 재정의
  c:\program files (x86)\windows kits\10\include\10.0.18362.0\um\mciapi.h(50): note: 'DECLSPEC_IMPORT' 선언을 참조하십시오.
c:\program files (x86)\windows kits\10\include\10.0.18362.0\um\mciapi.h(151): error C2146: 구문 오류: ';'이(가) 'BOOL' 식별자 앞에 없습니다.
c:\program files (x86)\windows kits\10\include\10.0.18362.0\um\mciapi.h(173): error C4430: 형식 지정자가 없습니다. int로 가정합니다. 참고: C++에서는 기본 int를 지원하지 않습니다.
c:\program files (x86)\windows kits\10\include\10.0.18362.0\um\mciapi.h(173): error C2086: 'int DECLSPEC_IMPORT': 재정의
  c:\program files (x86)\windows kits\10\include\10.0.18362.0\um\mciapi.h(50): note: 'DECLSPEC_IMPORT' 선언을 참조하십시오.
c:\program files (x86)\windows kits\10\include\10.0.18362.0\um\mciapi.h(173): error C2146: 구문 오류: ';'이(가) 'BOOL' 식별자 앞에 없습니다.
c:\program files (x86)\windows kits\10\include\10.0.18362.0\um\mciapi.h(202): error C4430: 형식 지정자가 없습니다. int로 가정합니다. 참고: C++에서는 기본 int를 지원하지 않습니다.
c:\program files (x86)\windows kits\10\include\10.0.18362.0\um\mciapi.h(202): error C2086: 'int DECLSPEC_IMPORT': 재정의
  c:\program files (x86)\windows kits\10\include\10.0.18362.0\um\mciapi.h(50): note: 'DECLSPEC_IMPORT' 선언을 참조하십시오.
c:\program files (x86)\windows kits\10\include\10.0.18362.0\um\mciapi.h(202): error C2146: 구문 오류: ';'이(가) 'BOOL' 식별자 앞에 없습니다.
c:\program files (x86)\windows kits\10\include\10.0.18362.0\um\mciapi.h(499): error C3646: 'dwCallback': 알 수 없는 재정의 지정자입니다.
c:\program files (x86)\windows kits\10\include\10.0.18362.0\um\mciapi.h(499): error C4430: 형식 지정자가 없습니다. int로 가정합니다. 참고: C++에서는 기본 int를 지원하지 않습니다.
c:\program files (x86)\windows kits\10\include\10.0.18362.0\um\mciapi.h(500): error C2143: 구문 오류: ';'이(가) '*' 앞에 없습니다.
c:\program files (x86)\windows kits\10\include\10.0.18362.0\um\mciapi.h(500): error C2371: 'FAR': 재정의. 기본 형식이 다릅니다.
  c:\program files (x86)\windows kits\10\include\10.0.18362.0\um\mmsyscom.h(137): note: 'FAR' 선언을 참조하십시오.
c:\program files (x86)\windows kits\10\include\10.0.18362.0\um\mciapi.h(500): error C4430: 형식 지정자가 없습니다. int로 가정합니다. 참고: C++에서는 기본 int를 지원하지 않습니다.
c:\program files (x86)\windows kits\10\include\10.0.18362.0\um\mciapi.h(507): error C3646: 'dwCallback': 알 수 없는 재정의 지정자입니다.
c:\program files (x86)\windows kits\10\include\10.0.18362.0\um\mciapi.h(507): error C4430: 형식 지정자가 없습니다. int로 가정합니다. 참고: C++에서는 기본 int를 지원하지 않습니다.
c:\program files (x86)\windows kits\10\include\10.0.18362.0\um\mciapi.h(509): error C3646: 'lpstrDeviceType': 알 수 없는 재정의 지정자입니다.
c:\program files (x86)\windows kits\10\include\10.0.18362.0\um\mciapi.h(509): error C4430: 형식 지정자가 없습니다. int로 가정합니다. 참고: C++에서는 기본 int를 지원하지 않습니다.
c:\program files (x86)\windows kits\10\include\10.0.18362.0\um\mciapi.h(510): error C3646: 'lpstrElementName': 알 수 없는 재정의 지정자입니다.
c:\program files (x86)\windows kits\10\include\10.0.18362.0\um\mciapi.h(510): error C4430: 형식 지정자가 없습니다. int로 가정합니다. 참고: C++에서는 기본 int를 지원하지 않습니다.
c:\program files (x86)\windows kits\10\include\10.0.18362.0\um\mciapi.h(511): error C3646: 'lpstrAlias': 알 수 없는 재정의 지정자입니다.
c:\program files (x86)\windows kits\10\include\10.0.18362.0\um\mciapi.h(511): error C4430: 형식 지정자가 없습니다. int로 가정합니다. 참고: C++에서는 기본 int를 지원하지 않습니다.
c:\program files (x86)\windows kits\10\include\10.0.18362.0\um\mciapi.h(514): error C3646: 'dwCallback': 알 수 없는 재정의 지정자입니다.
c:\program files (x86)\windows kits\10\include\10.0.18362.0\um\mciapi.h(514): error C4430: 형식 지정자가 없습니다. int로 가정합니다. 참고: C++에서는 기본 int를 지원하지 않습니다.
c:\program files (x86)\windows kits\10\include\10.0.18362.0\um\mciapi.h(516): error C3646: 'lpstrDeviceType': 알 수 없는 재정의 지정자입니다.
c:\program files (x86)\windows kits\10\include\10.0.18362.0\um\mciapi.h(516): error C4430: 형식 지정자가 없습니다. int로 가정합니다. 참고: C++에서는 기본 int를 지원하지 않습니다.
c:\program files (x86)\windows kits\10\include\10.0.18362.0\um\mciapi.h(517): error C3646: 'lpstrElementName': 알 수 없는 재정의 지정자입니다.
c:\program files (x86)\windows kits\10\include\10.0.18362.0\um\mciapi.h(517): error C4430: 형식 지정자가 없습니다. int로 가정합니다. 참고: C++에서는 기본 int를 지원하지 않습니다.
c:\program files (x86)\windows kits\10\include\10.0.18362.0\um\mciapi.h(518): error C3646: 'lpstrAlias': 알 수 없는 재정의 지정자입니다.
c:\program files (x86)\windows kits\10\include\10.0.18362.0\um\mciapi.h(518): error C4430: 형식 지정자가 없습니다. int로 가정합니다. 참고: C++에서는 기본 int를 지원하지 않습니다.
c:\program files (x86)\windows kits\10\include\10.0.18362.0\um\mciapi.h(544): error C3646: 'dwCallback': 알 수 없는 재정의 지정자입니다.
c:\program files (x86)\windows kits\10\include\10.0.18362.0\um\mciapi.h(544): error C4430: 형식 지정자가 없습니다. int로 가정합니다. 참고: C++에서는 기본 int를 지원하지 않습니다.
c:\program files (x86)\windows kits\10\include\10.0.18362.0\um\mciapi.h(547): error C2143: 구문 오류: ';'이(가) '*' 앞에 없습니다.
c:\program files (x86)\windows kits\10\include\10.0.18362.0\um\mciapi.h(547): error C2371: 'FAR': 재정의. 기본 형식이 다릅니다.
  c:\program files (x86)\windows kits\10\include\10.0.18362.0\um\mmsyscom.h(137): note: 'FAR' 선언을 참조하십시오.
c:\program files (x86)\windows kits\10\include\10.0.18362.0\um\mciapi.h(547): error C4430: 형식 지정자가 없습니다. int로 가정합니다. 참고: C++에서는 기본 int를 지원하지 않습니다.
c:\program files (x86)\windows kits\10\include\10.0.18362.0\um\mciapi.h(552): error C3646: 'dwCallback': 알 수 없는 재정의 지정자입니다.
c:\program files (x86)\windows kits\10\include\10.0.18362.0\um\mciapi.h(552): error C4430: 형식 지정자가 없습니다. int로 가정합니다. 참고: C++에서는 기본 int를 지원하지 않습니다.
c:\program files (x86)\windows kits\10\include\10.0.18362.0\um\mciapi.h(554): error C2143: 구문 오류: ';'이(가) '*' 앞에 없습니다.
c:\program files (x86)\windows kits\10\include\10.0.18362.0\um\mciapi.h(554): error C2371: 'FAR': 재정의. 기본 형식이 다릅니다.
  c:\program files (x86)\windows kits\10\include\10.0.18362.0\um\mmsyscom.h(137): note: 'FAR' 선언을 참조하십시오.
c:\program files (x86)\windows kits\10\include\10.0.18362.0\um\mciapi.h(554): error C4430: 형식 지정자가 없습니다. int로 가정합니다. 참고: C++에서는 기본 int를 지원하지 않습니다.
c:\program files (x86)\windows kits\10\include\10.0.18362.0\um\mciapi.h(559): error C3646: 'dwCallback': 알 수 없는 재정의 지정자입니다.
c:\program files (x86)\windows kits\10\include\10.0.18362.0\um\mciapi.h(559): error C4430: 형식 지정자가 없습니다. int로 가정합니다. 참고: C++에서는 기본 int를 지원하지 않습니다.
c:\program files (x86)\windows kits\10\include\10.0.18362.0\um\mciapi.h(560): error C3646: 'dwReturn': 알 수 없는 재정의 지정자입니다.
c:\program files (x86)\windows kits\10\include\10.0.18362.0\um\mciapi.h(560): error C4430: 형식 지정자가 없습니다. int로 가정합니다. 참고: C++에서는 기본 int를 지원하지 않습니다.
c:\program files (x86)\windows kits\10\include\10.0.18362.0\um\mciapi.h(563): error C2143: 구문 오류: ';'이(가) '*' 앞에 없습니다.
c:\program files (x86)\windows kits\10\include\10.0.18362.0\um\mciapi.h(563): error C2371: 'FAR': 재정의. 기본 형식이 다릅니다.
  c:\program files (x86)\windows kits\10\include\10.0.18362.0\um\mmsyscom.h(137): note: 'FAR' 선언을 참조하십시오.
c:\program files (x86)\windows kits\10\include\10.0.18362.0\um\mciapi.h(563): error C4430: 형식 지정자가 없습니다. int로 가정합니다. 참고: C++에서는 기본 int를 지원하지 않습니다.
c:\program files (x86)\windows kits\10\include\10.0.18362.0\um\mciapi.h(570): error C3646: 'dwCallback': 알 수 없는 재정의 지정자입니다.
c:\program files (x86)\windows kits\10\include\10.0.18362.0\um\mciapi.h(570): error C4430: 형식 지정자가 없습니다. int로 가정합니다. 참고: C++에서는 기본 int를 지원하지 않습니다.
c:\program files (x86)\windows kits\10\include\10.0.18362.0\um\mciapi.h(571): error C3646: 'lpstrReturn': 알 수 없는 재정의 지정자입니다.
c:\program files (x86)\windows kits\10\include\10.0.18362.0\um\mciapi.h(571): error C4430: 형식 지정자가 없습니다. int로 가정합니다. 참고: C++에서는 기본 int를 지원하지 않습니다.
c:\program files (x86)\windows kits\10\include\10.0.18362.0\um\mciapi.h(575): error C3646: 'dwCallback': 알 수 없는 재정의 지정자입니다.
c:\program files (x86)\windows kits\10\include\10.0.18362.0\um\mciapi.h(575): error C4430: 형식 지정자가 없습니다. int로 가정합니다. 참고: C++에서는 기본 int를 지원하지 않습니다.
c:\program files (x86)\windows kits\10\include\10.0.18362.0\um\mciapi.h(576): error C3646: 'lpstrReturn': 알 수 없는 재정의 지정자입니다.
c:\program files (x86)\windows kits\10\include\10.0.18362.0\um\mciapi.h(576): error C4430: 형식 지정자가 없습니다. int로 가정합니다. 참고: C++에서는 기본 int를 지원하지 않습니다.
c:\program files (x86)\windows kits\10\include\10.0.18362.0\um\mciapi.h(598): error C3646: 'dwCallback': 알 수 없는 재정의 지정자입니다.
c:\program files (x86)\windows kits\10\include\10.0.18362.0\um\mciapi.h(598): error C4430: 형식 지정자가 없습니다. int로 가정합니다. 참고: C++에서는 기본 int를 지원하지 않습니다.
c:\program files (x86)\windows kits\10\include\10.0.18362.0\um\mciapi.h(601): error C2143: 구문 오류: ';'이(가) '*' 앞에 없습니다.
c:\program files (x86)\windows kits\10\include\10.0.18362.0\um\mciapi.h(601): error C2371: 'FAR': 재정의. 기본 형식이 다릅니다.
  c:\program files (x86)\windows kits\10\include\10.0.18362.0\um\mmsyscom.h(137): note: 'FAR' 선언을 참조하십시오.
c:\program files (x86)\windows kits\10\include\10.0.18362.0\um\mciapi.h(601): error C4430: 형식 지정자가 없습니다. int로 가정합니다. 참고: C++에서는 기본 int를 지원하지 않습니다.
c:\program files (x86)\windows kits\10\include\10.0.18362.0\um\mciapi.h(608): error C3646: 'dwCallback': 알 수 없는 재정의 지정자입니다.
c:\program files (x86)\windows kits\10\include\10.0.18362.0\um\mciapi.h(608): error C4430: 형식 지정자가 없습니다. int로 가정합니다. 참고: C++에서는 기본 int를 지원하지 않습니다.
c:\program files (x86)\windows kits\10\include\10.0.18362.0\um\mciapi.h(609): error C3646: 'lpstrReturn': 알 수 없는 재정의 지정자입니다.
c:\program files (x86)\windows kits\10\include\10.0.18362.0\um\mciapi.h(609): error C4430: 형식 지정자가 없습니다. int로 가정합니다. 참고: C++에서는 기본 int를 지원하지 않습니다.
c:\program files (x86)\windows kits\10\include\10.0.18362.0\um\mciapi.h(615): error C3646: 'dwCallback': 알 수 없는 재정의 지정자입니다.
c:\program files (x86)\windows kits\10\include\10.0.18362.0\um\mciapi.h(615): error C4430: 형식 지정자가 없습니다. int로 가정합니다. 참고: C++에서는 기본 int를 지원하지 않습니다.
c:\program files (x86)\windows kits\10\include\10.0.18362.0\um\mciapi.h(616): error C3646: 'lpstrReturn': 알 수 없는 재정의 지정자입니다.
c:\program files (x86)\windows kits\10\include\10.0.18362.0\um\mciapi.h(616): error C4430: 형식 지정자가 없습니다. int로 가정합니다. 참고: C++에서는 기본 int를 지원하지 않습니다.
c:\program files (x86)\windows kits\10\include\10.0.18362.0\um\mciapi.h(644): error C3646: 'dwCallback': 알 수 없는 재정의 지정자입니다.
c:\program files (x86)\windows kits\10\include\10.0.18362.0\um\mciapi.h(644): error C4430: 형식 지정자가 없습니다. int로 가정합니다. 참고: C++에서는 기본 int를 지원하지 않습니다.
c:\program files (x86)\windows kits\10\include\10.0.18362.0\um\mciapi.h(647): error C2143: 구문 오류: ';'이(가) '*' 앞에 없습니다.
c:\program files (x86)\windows kits\10\include\10.0.18362.0\um\mciapi.h(647): error C2371: 'FAR': 재정의. 기본 형식이 다릅니다.
  c:\program files (x86)\windows kits\10\include\10.0.18362.0\um\mmsyscom.h(137): note: 'FAR' 선언을 참조하십시오.
c:\program files (x86)\windows kits\10\include\10.0.18362.0\um\mciapi.h(647): error C4430: 형식 지정자가 없습니다. int로 가정합니다. 참고: C++에서는 기본 int를 지원하지 않습니다.
c:\program files (x86)\windows kits\10\include\10.0.18362.0\um\mciapi.h(652): error C3646: 'dwCallback': 알 수 없는 재정의 지정자입니다.
c:\program files (x86)\windows kits\10\include\10.0.18362.0\um\mciapi.h(652): error C4430: 형식 지정자가 없습니다. int로 가정합니다. 참고: C++에서는 기본 int를 지원하지 않습니다.
c:\program files (x86)\windows kits\10\include\10.0.18362.0\um\mciapi.h(655): error C3646: 'hwndBreak': 알 수 없는 재정의 지정자입니다.
c:\program files (x86)\windows kits\10\include\10.0.18362.0\um\mciapi.h(655): error C4430: 형식 지정자가 없습니다. int로 가정합니다. 참고: C++에서는 기본 int를 지원하지 않습니다.
c:\program files (x86)\windows kits\10\include\10.0.18362.0\um\mciapi.h(662): error C2143: 구문 오류: ';'이(가) '*' 앞에 없습니다.
c:\program files (x86)\windows kits\10\include\10.0.18362.0\um\mciapi.h(662): error C2371: 'FAR': 재정의. 기본 형식이 다릅니다.
  c:\program files (x86)\windows kits\10\include\10.0.18362.0\um\mmsyscom.h(137): note: 'FAR' 선언을 참조하십시오.
c:\program files (x86)\windows kits\10\include\10.0.18362.0\um\mciapi.h(662): error C4430: 형식 지정자가 없습니다. int로 가정합니다. 참고: C++에서는 기본 int를 지원하지 않습니다.
c:\program files (x86)\windows kits\10\include\10.0.18362.0\um\mciapi.h(669): error C3646: 'dwCallback': 알 수 없는 재정의 지정자입니다.
c:\program files (x86)\windows kits\10\include\10.0.18362.0\um\mciapi.h(669): error C4430: 형식 지정자가 없습니다. int로 가정합니다. 참고: C++에서는 기본 int를 지원하지 않습니다.
c:\program files (x86)\windows kits\10\include\10.0.18362.0\um\mciapi.h(670): error C3646: 'lpfilename': 알 수 없는 재정의 지정자입니다.
c:\program files (x86)\windows kits\10\include\10.0.18362.0\um\mciapi.h(670): error C4430: 형식 지정자가 없습니다. int로 가정합니다. 참고: C++에서는 기본 int를 지원하지 않습니다.
c:\program files (x86)\windows kits\10\include\10.0.18362.0\um\mciapi.h(673): error C3646: 'dwCallback': 알 수 없는 재정의 지정자입니다.
c:\program files (x86)\windows kits\10\include\10.0.18362.0\um\mciapi.h(673): error C4430: 형식 지정자가 없습니다. int로 가정합니다. 참고: C++에서는 기본 int를 지원하지 않습니다.
c:\program files (x86)\windows kits\10\include\10.0.18362.0\um\mciapi.h(674): error C3646: 'lpfilename': 알 수 없는 재정의 지정자입니다.
c:\program files (x86)\windows kits\10\include\10.0.18362.0\um\mciapi.h(674): error C4430: 형식 지정자가 없습니다. int로 가정합니다. 참고: C++에서는 기본 int를 지원하지 않습니다.
c:\program files (x86)\windows kits\10\include\10.0.18362.0\um\mciapi.h(698): error C3646: 'dwCallback': 알 수 없는 재정의 지정자입니다.
c:\program files (x86)\windows kits\10\include\10.0.18362.0\um\mciapi.h(698): error C4430: 형식 지정자가 없습니다. int로 가정합니다. 참고: C++에서는 기본 int를 지원하지 않습니다.
c:\program files (x86)\windows kits\10\include\10.0.18362.0\um\mciapi.h(699): error C3646: 'lpfilename': 알 수 없는 재정의 지정자입니다.
c:\program files (x86)\windows kits\10\include\10.0.18362.0\um\mciapi.h(699): fatal error C1003: 오류 수가 100개를 초과했습니다. 컴파일을 중지합니다.
